        -:    0:Source:header.hpp
        -:    0:Programs:4
        -:    1://
        -:    2:// header.hpp
        -:    3:// ~~~~~~~~~~
        -:    4://
        -:    5:// Copyright (c) 2003-2013 Christopher M. Kohlhoff (chris at kohlhoff dot com)
        -:    6://
        -:    7:// Distributed under the Boost Software License, Version 1.0. (See accompanying
        -:    8:// file LICENSE_1_0.txt or copy at http://www.boost.org/LICENSE_1_0.txt)
        -:    9://
        -:   10:
        -:   11:#ifndef HTTP_HEADER_HPP
        -:   12:#define HTTP_HEADER_HPP
        -:   13:
        -:   14:#include <string>
        -:   15:
        -:   16:namespace http {
        -:   17:namespace server {
        -:   18:
      166:   19:struct header
        -:   20:{
        -:   21:  std::string name;
        -:   22:  std::string value;
        -:   23:};
        -:   24:
        -:   25:} // namespace server
        -:   26:} // namespace http
        -:   27:
        -:   28:#endif // HTTP_HEADER_HPP
