        -:    0:Source:request_handler_default.cpp
        -:    0:Programs:2
        -:    1:#include "request_handler_default.h"
        -:    2:
        -:    3:namespace http {
        -:    4:namespace server {
        -:    5:
        6:    6:	RequestHandler::Status NotFoundHandler::Init(const std::string& uri_prefix, const NginxConfig& config) {
        -:    7:  	
        6:    8:  	return RequestHandler::Status::NOT_FOUND;
        -:    9:	}
        -:   10:
        -:   11:
        1:   12:	RequestHandler::Status NotFoundHandler::HandleRequest(const Request& request, Response* response) {
        1:   13:    	std::cout << "NotFoundHandler::HandleRequest called" << std::endl;
        -:   14:
        1:   15:    	std::string not_found_response = "<html><body><h1>404 Not Found</h1></body></html>";
        1:   16:    	response->SetStatus(Response::ResponseCode::NOT_FOUND);
        1:   17:	  	response->AddHeader("Content-Type", "text/html");
        1:   18:	  	response->AddHeader("Content-Length", std::to_string(not_found_response.length()));
        1:   19:	  	response->SetBody(not_found_response);
        1:   20:	  	response->SetVersion(request.version());
        -:   21:	  	
        1:   22:	return RequestHandler::Status::NOT_FOUND;
        -:   23:  	}
        -:   24:} // namespace server
        3:   25:} // namespace http
