        -:    0:Source:request.hpp
        -:    0:Programs:4
        -:    1:#ifndef HTTP_REQUEST_HPP
        -:    2:#define HTTP_REQUEST_HPP
        -:    3:
        -:    4:#include <string>
        -:    5:#include <vector>
        -:    6:#include "header.hpp"
        -:    7:
        -:    8:namespace http {
        -:    9:namespace server {
        -:   10:
        -:   11:/// A request received from a client.
        1:   12:struct request
        -:   13:{
        -:   14:  std::string method;
        -:   15:  std::string uri;
        -:   16:  int http_version_major;
        -:   17:  int http_version_minor;
        -:   18:  std::vector<header> headers;
        -:   19:};
        -:   20:
        -:   21:} // namespace server
        -:   22:} // namespace http
        -:   23:
        -:   24:#endif // HTTP_REQUEST_HPP
