        -:    0:Source:request_handler_status.h
        -:    0:Programs:4
        -:    1:#ifndef STATUS_HANDLER_H
        -:    2:#define STATUS_HANDLER_H
        -:    3:
        -:    4:#include "request_handler.h"
        -:    5:#include "server_monitor.h"
        -:    6:#include <iostream> 
        -:    7:#include <stdio.h>
        -:    8:#include <string> 
        -:    9:
        -:   10:namespace http {
        -:   11:	namespace server {
        2:   12:		class StatusHandler : public RequestHandler {
        -:   13:		public: 
        -:   14:			Status Init(const std::string& uri_prefix, const NginxConfig& config) override;
        -:   15:
        -:   16:  			Status HandleRequest(const Request& request, Response* response) override;
        -:   17:		};
        -:   18:
        2:   19:		REGISTER_REQUEST_HANDLER(StatusHandler);
        -:   20:	} // namespace server
        -:   21:} // namespace http
        -:   22:
        -:   23:#endif  // STATUS_HANDLER_H
